{
  "stats": {
    "suites": 0,
    "tests": 1,
    "passes": 0,
    "pending": 0,
    "failures": 1,
    "start": "2025-04-05T08:03:04.769Z",
    "end": "2025-04-05T08:03:05.751Z",
    "duration": 982,
    "testsRegistered": 1,
    "passPercent": 0,
    "pendingPercent": 0,
    "other": 0,
    "hasOther": false,
    "skipped": 0,
    "hasSkipped": false
  },
  "results": [
    {
      "uuid": "380c1bc6-4358-49d3-b002-cccdf4261c56",
      "title": "",
      "fullFile": "cypress/e2e/api/features/petStore.feature",
      "file": "cypress/e2e/api/features/petStore.feature",
      "beforeHooks": [],
      "afterHooks": [],
      "tests": [
        {
          "title": "An uncaught error was detected outside of a test",
          "fullTitle": "An uncaught error was detected outside of a test",
          "timedOut": null,
          "duration": 954,
          "state": "failed",
          "speed": null,
          "pass": false,
          "fail": true,
          "pending": false,
          "context": "[\n  {\n    \"title\": \"cypress-mochawesome-reporter-videos-failed\",\n    \"value\": \"cypress/e2e/api/features/petStore.feature\"\n  },\n  {\n    \"title\": \"cypress-mochawesome-reporter-screenshots\",\n    \"value\": [\n      [\n        \"/petStore.feature/An uncaught error was detected outside of a test (failed).png\"\n      ]\n    ]\n  }\n]",
          "code": "throw err;",
          "err": {
            "message": "CypressError: The following error originated from your test code, not from Cypress.\n\n  > `Cypress.Cookies.defaults()` was removed in Cypress version 12.0.0. Please update to use `cy.session()` instead.\n\nWhen Cypress detects uncaught errors originating from your test code it will automatically fail the current test.\n\nCypress could not associate this error to any specific test.\n\nWe dynamically generated a new test to display this failure.\n\nhttps://on.cypress.io/session",
            "estack": "CypressError: The following error originated from your test code, not from Cypress.\n\n  > `Cypress.Cookies.defaults()` was removed in Cypress version 12.0.0. Please update to use `cy.session()` instead.\n\nWhen Cypress detects uncaught errors originating from your test code it will automatically fail the current test.\n\nCypress could not associate this error to any specific test.\n\nWe dynamically generated a new test to display this failure.\n\nhttps://on.cypress.io/session\n    at Object.defaults (https://www.amphora.net/__cypress/runner/cypress_runner.js:165864:67)\n    at cypress/support/e2e.js (https://www.amphora.net/__cypress/tests?p=cypress/support/e2e.js:1858:23)\n    at __require (https://www.amphora.net/__cypress/tests?p=cypress/support/e2e.js:12:52)\n    at eval (https://www.amphora.net/__cypress/tests?p=cypress/support/e2e.js:1867:3)\n    at eval (https://www.amphora.net/__cypress/tests?p=cypress/support/e2e.js:1868:3)\n    at eval (<anonymous>)\n    at <unknown> (https://www.amphora.net/__cypress/runner/cypress_runner.js:111955:23)\n    at tryCatcher (https://www.amphora.net/__cypress/runner/cypress_runner.js:1777:23)\n    at Object.gotValue (https://www.amphora.net/__cypress/runner/cypress_runner.js:6446:18)\n    at Object.gotAccum (https://www.amphora.net/__cypress/runner/cypress_runner.js:6435:25)\n    at Object.tryCatcher (https://www.amphora.net/__cypress/runner/cypress_runner.js:1777:23)\n    at Promise._settlePromiseFromHandler (https://www.amphora.net/__cypress/runner/cypress_runner.js:1489:31)\n    at Promise._settlePromise (https://www.amphora.net/__cypress/runner/cypress_runner.js:1546:18)\n    at Promise._settlePromiseCtx (https://www.amphora.net/__cypress/runner/cypress_runner.js:1583:10)\n    at _drainQueueStep (https://www.amphora.net/__cypress/runner/cypress_runner.js:2381:12)\n    at _drainQueue (https://www.amphora.net/__cypress/runner/cypress_runner.js:2370:9)\n    at Async._drainQueues (https://www.amphora.net/__cypress/runner/cypress_runner.js:2386:5)\n    at Async.drainQueues (https://www.amphora.net/__cypress/runner/cypress_runner.js:2256:14)",
            "diff": null
          },
          "uuid": "c749b77c-f2f3-4a99-a6cf-eff72742de49",
          "parentUUID": "380c1bc6-4358-49d3-b002-cccdf4261c56",
          "isHook": false,
          "skipped": false
        }
      ],
      "suites": [],
      "passes": [],
      "failures": [
        "c749b77c-f2f3-4a99-a6cf-eff72742de49"
      ],
      "pending": [],
      "skipped": [],
      "duration": 954,
      "root": true,
      "rootEmpty": false,
      "_timeout": 2000
    }
  ],
  "meta": {
    "mocha": {
      "version": "7.0.1"
    },
    "mochawesome": {
      "options": {
        "quiet": false,
        "reportFilename": "mochawesome",
        "saveHtml": false,
        "saveJson": true,
        "consoleReporter": "spec",
        "useInlineDiffs": false,
        "code": true
      },
      "version": "7.1.3"
    },
    "marge": {
      "options": {
        "charts": true,
        "reportPageTitle": "Cypress Test Report",
        "embeddedScreenshots": true,
        "inlineAssets": true,
        "overwrite": false,
        "html": false,
        "json": true,
        "reportDir": "cypress/reports/html/.jsons"
      },
      "version": "6.2.0"
    }
  }
}