{
  "stats": {
    "suites": 1,
    "tests": 2,
    "passes": 1,
    "pending": 0,
    "failures": 1,
    "start": "2025-04-05T09:34:49.834Z",
    "end": "2025-04-05T09:35:04.024Z",
    "duration": 14190,
    "testsRegistered": 2,
    "passPercent": 50,
    "pendingPercent": 0,
    "other": 0,
    "hasOther": false,
    "skipped": 0,
    "hasSkipped": false
  },
  "results": [
    {
      "uuid": "1f5f1e69-e21f-463d-b2de-485e5390bbd7",
      "title": "",
      "fullFile": "cypress/e2e/ui/features/amphoraWebsite.feature",
      "file": "cypress/e2e/ui/features/amphoraWebsite.feature",
      "beforeHooks": [],
      "afterHooks": [],
      "tests": [],
      "suites": [
        {
          "uuid": "3b01d6b9-d2bd-4421-984f-3d7aeb24772b",
          "title": "Amphora Website UI Testing",
          "fullFile": "",
          "file": "",
          "beforeHooks": [],
          "afterHooks": [],
          "tests": [
            {
              "title": "Navigate through Products dropdown and verify each product page",
              "fullTitle": "Amphora Website UI Testing Navigate through Products dropdown and verify each product page",
              "timedOut": null,
              "duration": 13691,
              "state": "passed",
              "speed": "slow",
              "pass": true,
              "fail": false,
              "pending": false,
              "context": null,
              "code": "var _a2, _b2, _c2, _d, _e;\n(0, assertions_1.assert)(context.includedPickles[0].id === pickle.id, \"Included pickle stack is unsynchronized\");\nconst { remainingSteps, testCaseStartedId } = retrieveInternalSpecProperties();\ntaskTestCaseStarted(context, {\n  id: testCaseStartedId,\n  testCaseId,\n  attempt: attempt++,\n  timestamp: (0, messages_1.createTimestamp)()\n});\nwindow.testState = {\n  gherkinDocument,\n  pickles,\n  pickle\n};\nconst onAfterStep = (options) => {\n  var _a3, _b3, _c3;\n  const { testStepId, start, result } = options;\n  const end = (0, messages_1.createTimestamp)();\n  if (result === \"pending\" || result === \"skipped\") {\n    if (result === \"pending\") {\n      taskTestStepFinished(context, {\n        testStepId,\n        testCaseStartedId,\n        testStepResult: {\n          status: messages_enums_1.TestStepResultStatus.PENDING,\n          duration: (0, messages_1.duration)(start, end)\n        },\n        timestamp: end\n      });\n    } else {\n      taskTestStepFinished(context, {\n        testStepId,\n        testCaseStartedId,\n        testStepResult: {\n          status: messages_enums_1.TestStepResultStatus.SKIPPED,\n          duration: (0, messages_1.duration)(start, end)\n        },\n        timestamp: end\n      });\n    }\n    remainingSteps.shift();\n    for (const skippedStep of remainingSteps) {\n      const hookIdOrPickleStepId = (0, assertions_1.assertAndReturn)((_b3 = (_a3 = skippedStep.hook) === null || _a3 === void 0 ? void 0 : _a3.id) !== null && _b3 !== void 0 ? _b3 : (_c3 = skippedStep.pickleStep) === null || _c3 === void 0 ? void 0 : _c3.id, \"Expected a step to either be a hook or a pickleStep\");\n      const testStepId2 = getTestStepId({\n        context,\n        pickleId: pickle.id,\n        hookIdOrPickleStepId\n      });\n      taskTestStepStarted(context, {\n        testStepId: testStepId2,\n        testCaseStartedId,\n        timestamp: (0, messages_1.createTimestamp)()\n      });\n      taskTestStepFinished(context, {\n        testStepId: testStepId2,\n        testCaseStartedId,\n        testStepResult: {\n          status: messages_enums_1.TestStepResultStatus.SKIPPED,\n          duration: {\n            seconds: 0,\n            nanos: 0\n          }\n        },\n        timestamp: (0, messages_1.createTimestamp)()\n      });\n    }\n    for (let i = 0, count = remainingSteps.length; i < count; i++) {\n      remainingSteps.pop();\n    }\n    cy.then(() => this.skip());\n  } else {\n    taskTestStepFinished(context, {\n      testStepId,\n      testCaseStartedId,\n      testStepResult: {\n        status: messages_enums_1.TestStepResultStatus.PASSED,\n        duration: (0, messages_1.duration)(start, end)\n      },\n      timestamp: end\n    });\n    remainingSteps.shift();\n  }\n};\nfor (const step of steps) {\n  if (step.hook) {\n    const hook = step.hook;\n    const testStepId = getTestStepId({\n      context,\n      pickleId: pickle.id,\n      hookIdOrPickleStepId: hook.id\n    });\n    cy.then(() => {\n      delete window.testState.pickleStep;\n      const start = (0, messages_1.createTimestamp)();\n      internalProperties.currentStepStartedAt = start;\n      taskTestStepStarted(context, {\n        testStepId,\n        testCaseStartedId,\n        timestamp: start\n      });\n      return cy.wrap(start, { log: false });\n    }).then((start) => {\n      const options = {\n        pickle,\n        gherkinDocument,\n        testCaseStartedId\n      };\n      return (0, cypress_1.runStepWithLogGroup)({\n        fn: dryRun ? noopFn : () => registry2.runCaseHook(this, hook, options),\n        keyword: hook.keyword,\n        text: createStepDescription(hook)\n      }).then((result) => {\n        return { start, result };\n      });\n    }).then(({ start, result }) => onAfterStep({ start, result, testStepId }));\n  } else if (step.pickleStep) {\n    const pickleStep = step.pickleStep;\n    const testStepId = getTestStepId({\n      context,\n      pickleId: pickle.id,\n      hookIdOrPickleStepId: pickleStep.id\n    });\n    const text = (0, assertions_1.assertAndReturn)(pickleStep.text, \"Expected pickle step to have a text\");\n    const scenarioStep = (0, assertions_1.assertAndReturn)(context.astIdsMap.get((0, assertions_1.assertAndReturn)((_a2 = pickleStep.astNodeIds) === null || _a2 === void 0 ? void 0 : _a2[0], \"Expected to find at least one astNodeId\")), `Expected to find scenario step associated with id = ${(_b2 = pickleStep.astNodeIds) === null || _b2 === void 0 ? void 0 : _b2[0]}`);\n    const argument = ((_c2 = pickleStep.argument) === null || _c2 === void 0 ? void 0 : _c2.dataTable) ? new data_table_1.default(pickleStep.argument.dataTable) : ((_e = (_d = pickleStep.argument) === null || _d === void 0 ? void 0 : _d.docString) === null || _e === void 0 ? void 0 : _e.content) ? pickleStep.argument.docString.content : void 0;\n    cy.then(() => {\n      window.testState.pickleStep = step.pickleStep;\n      const start = (0, messages_1.createTimestamp)();\n      internalProperties.currentStep = { pickleStep };\n      internalProperties.currentStepStartedAt = start;\n      taskTestStepStarted(context, {\n        testStepId,\n        testCaseStartedId,\n        timestamp: start\n      });\n      return cy.wrap(start, { log: false });\n    }).then((start) => {\n      const beforeStepHooks = registry2.resolveBeforeStepHooks(tags);\n      const afterStepHooks = registry2.resolveAfterStepHooks(tags);\n      const options = {\n        pickle,\n        pickleStep,\n        gherkinDocument,\n        testCaseStartedId,\n        testStepId\n      };\n      const beforeHooksChain = beforeStepHooks.reduce((chain, beforeStepHook) => {\n        return chain.then(() => (0, cypress_1.runStepWithLogGroup)({\n          keyword: \"BeforeStep\",\n          text: createStepDescription(beforeStepHook),\n          fn: dryRun ? noopFn : () => registry2.runStepHook(this, beforeStepHook, options)\n        }));\n      }, cy.wrap({}, { log: false }));\n      return beforeHooksChain.then(() => {\n        try {\n          return (0, cypress_1.runStepWithLogGroup)({\n            keyword: (0, assertions_1.assertAndReturn)(\"keyword\" in scenarioStep && scenarioStep.keyword, \"Expected to find a keyword in the scenario step\"),\n            argument,\n            text,\n            fn: () => registry2.runStepDefininition(this, text, dryRun, argument)\n          }).then((result) => {\n            return afterStepHooks.reduce((chain, afterStepHook) => {\n              return chain.then(() => (0, cypress_1.runStepWithLogGroup)({\n                keyword: \"AfterStep\",\n                text: createStepDescription(afterStepHook),\n                fn: dryRun ? noopFn : () => registry2.runStepHook(this, afterStepHook, options)\n              }));\n            }, cy.wrap({}, { log: false })).then(() => {\n              return { start, result };\n            });\n          });\n        } catch (e) {\n          if (e instanceof registry_1.MissingDefinitionError) {\n            throw new Error(createMissingStepDefinitionMessage(context, pickleStep, context.registry.parameterTypeRegistry));\n          } else {\n            throw e;\n          }\n        }\n      });\n    }).then(({ start, result }) => onAfterStep({ start, result, testStepId }));\n  }\n}",
              "err": {},
              "uuid": "12eab606-4adb-456d-844e-9b9fe81e0ed7",
              "parentUUID": "3b01d6b9-d2bd-4421-984f-3d7aeb24772b",
              "isHook": false,
              "skipped": false
            },
            {
              "title": "Sign up for the newsletter under Resources",
              "fullTitle": "Amphora Website UI Testing Sign up for the newsletter under Resources",
              "timedOut": null,
              "duration": 253,
              "state": "failed",
              "speed": null,
              "pass": false,
              "fail": true,
              "pending": false,
              "context": null,
              "code": "var _a2, _b2, _c2, _d, _e;\n(0, assertions_1.assert)(context.includedPickles[0].id === pickle.id, \"Included pickle stack is unsynchronized\");\nconst { remainingSteps, testCaseStartedId } = retrieveInternalSpecProperties();\ntaskTestCaseStarted(context, {\n  id: testCaseStartedId,\n  testCaseId,\n  attempt: attempt++,\n  timestamp: (0, messages_1.createTimestamp)()\n});\nwindow.testState = {\n  gherkinDocument,\n  pickles,\n  pickle\n};\nconst onAfterStep = (options) => {\n  var _a3, _b3, _c3;\n  const { testStepId, start, result } = options;\n  const end = (0, messages_1.createTimestamp)();\n  if (result === \"pending\" || result === \"skipped\") {\n    if (result === \"pending\") {\n      taskTestStepFinished(context, {\n        testStepId,\n        testCaseStartedId,\n        testStepResult: {\n          status: messages_enums_1.TestStepResultStatus.PENDING,\n          duration: (0, messages_1.duration)(start, end)\n        },\n        timestamp: end\n      });\n    } else {\n      taskTestStepFinished(context, {\n        testStepId,\n        testCaseStartedId,\n        testStepResult: {\n          status: messages_enums_1.TestStepResultStatus.SKIPPED,\n          duration: (0, messages_1.duration)(start, end)\n        },\n        timestamp: end\n      });\n    }\n    remainingSteps.shift();\n    for (const skippedStep of remainingSteps) {\n      const hookIdOrPickleStepId = (0, assertions_1.assertAndReturn)((_b3 = (_a3 = skippedStep.hook) === null || _a3 === void 0 ? void 0 : _a3.id) !== null && _b3 !== void 0 ? _b3 : (_c3 = skippedStep.pickleStep) === null || _c3 === void 0 ? void 0 : _c3.id, \"Expected a step to either be a hook or a pickleStep\");\n      const testStepId2 = getTestStepId({\n        context,\n        pickleId: pickle.id,\n        hookIdOrPickleStepId\n      });\n      taskTestStepStarted(context, {\n        testStepId: testStepId2,\n        testCaseStartedId,\n        timestamp: (0, messages_1.createTimestamp)()\n      });\n      taskTestStepFinished(context, {\n        testStepId: testStepId2,\n        testCaseStartedId,\n        testStepResult: {\n          status: messages_enums_1.TestStepResultStatus.SKIPPED,\n          duration: {\n            seconds: 0,\n            nanos: 0\n          }\n        },\n        timestamp: (0, messages_1.createTimestamp)()\n      });\n    }\n    for (let i = 0, count = remainingSteps.length; i < count; i++) {\n      remainingSteps.pop();\n    }\n    cy.then(() => this.skip());\n  } else {\n    taskTestStepFinished(context, {\n      testStepId,\n      testCaseStartedId,\n      testStepResult: {\n        status: messages_enums_1.TestStepResultStatus.PASSED,\n        duration: (0, messages_1.duration)(start, end)\n      },\n      timestamp: end\n    });\n    remainingSteps.shift();\n  }\n};\nfor (const step of steps) {\n  if (step.hook) {\n    const hook = step.hook;\n    const testStepId = getTestStepId({\n      context,\n      pickleId: pickle.id,\n      hookIdOrPickleStepId: hook.id\n    });\n    cy.then(() => {\n      delete window.testState.pickleStep;\n      const start = (0, messages_1.createTimestamp)();\n      internalProperties.currentStepStartedAt = start;\n      taskTestStepStarted(context, {\n        testStepId,\n        testCaseStartedId,\n        timestamp: start\n      });\n      return cy.wrap(start, { log: false });\n    }).then((start) => {\n      const options = {\n        pickle,\n        gherkinDocument,\n        testCaseStartedId\n      };\n      return (0, cypress_1.runStepWithLogGroup)({\n        fn: dryRun ? noopFn : () => registry2.runCaseHook(this, hook, options),\n        keyword: hook.keyword,\n        text: createStepDescription(hook)\n      }).then((result) => {\n        return { start, result };\n      });\n    }).then(({ start, result }) => onAfterStep({ start, result, testStepId }));\n  } else if (step.pickleStep) {\n    const pickleStep = step.pickleStep;\n    const testStepId = getTestStepId({\n      context,\n      pickleId: pickle.id,\n      hookIdOrPickleStepId: pickleStep.id\n    });\n    const text = (0, assertions_1.assertAndReturn)(pickleStep.text, \"Expected pickle step to have a text\");\n    const scenarioStep = (0, assertions_1.assertAndReturn)(context.astIdsMap.get((0, assertions_1.assertAndReturn)((_a2 = pickleStep.astNodeIds) === null || _a2 === void 0 ? void 0 : _a2[0], \"Expected to find at least one astNodeId\")), `Expected to find scenario step associated with id = ${(_b2 = pickleStep.astNodeIds) === null || _b2 === void 0 ? void 0 : _b2[0]}`);\n    const argument = ((_c2 = pickleStep.argument) === null || _c2 === void 0 ? void 0 : _c2.dataTable) ? new data_table_1.default(pickleStep.argument.dataTable) : ((_e = (_d = pickleStep.argument) === null || _d === void 0 ? void 0 : _d.docString) === null || _e === void 0 ? void 0 : _e.content) ? pickleStep.argument.docString.content : void 0;\n    cy.then(() => {\n      window.testState.pickleStep = step.pickleStep;\n      const start = (0, messages_1.createTimestamp)();\n      internalProperties.currentStep = { pickleStep };\n      internalProperties.currentStepStartedAt = start;\n      taskTestStepStarted(context, {\n        testStepId,\n        testCaseStartedId,\n        timestamp: start\n      });\n      return cy.wrap(start, { log: false });\n    }).then((start) => {\n      const beforeStepHooks = registry2.resolveBeforeStepHooks(tags);\n      const afterStepHooks = registry2.resolveAfterStepHooks(tags);\n      const options = {\n        pickle,\n        pickleStep,\n        gherkinDocument,\n        testCaseStartedId,\n        testStepId\n      };\n      const beforeHooksChain = beforeStepHooks.reduce((chain, beforeStepHook) => {\n        return chain.then(() => (0, cypress_1.runStepWithLogGroup)({\n          keyword: \"BeforeStep\",\n          text: createStepDescription(beforeStepHook),\n          fn: dryRun ? noopFn : () => registry2.runStepHook(this, beforeStepHook, options)\n        }));\n      }, cy.wrap({}, { log: false }));\n      return beforeHooksChain.then(() => {\n        try {\n          return (0, cypress_1.runStepWithLogGroup)({\n            keyword: (0, assertions_1.assertAndReturn)(\"keyword\" in scenarioStep && scenarioStep.keyword, \"Expected to find a keyword in the scenario step\"),\n            argument,\n            text,\n            fn: () => registry2.runStepDefininition(this, text, dryRun, argument)\n          }).then((result) => {\n            return afterStepHooks.reduce((chain, afterStepHook) => {\n              return chain.then(() => (0, cypress_1.runStepWithLogGroup)({\n                keyword: \"AfterStep\",\n                text: createStepDescription(afterStepHook),\n                fn: dryRun ? noopFn : () => registry2.runStepHook(this, afterStepHook, options)\n              }));\n            }, cy.wrap({}, { log: false })).then(() => {\n              return { start, result };\n            });\n          });\n        } catch (e) {\n          if (e instanceof registry_1.MissingDefinitionError) {\n            throw new Error(createMissingStepDefinitionMessage(context, pickleStep, context.registry.parameterTypeRegistry));\n          } else {\n            throw e;\n          }\n        }\n      });\n    }).then(({ start, result }) => onAfterStep({ start, result, testStepId }));\n  }\n}",
              "err": {
                "message": "Error: \nStep implementation missing for \"I sign up for the newsletter from the Resources dropdown\".\n\nWe tried searching for files containing step definitions using the following search pattern templates:\n\n  - cypress/e2e/ui/features/[filepath]/**/*.{js,mjs,ts,tsx}\n  - cypress/e2e/ui/features/[filepath].{js,mjs,ts,tsx}\n  - cypress/support/step_definitions/**/*.{js,mjs,ts,tsx}\n\nThese templates resolved to the following search patterns:\n\n  - cypress/e2e/ui/features/amphoraWebsite/**/*.{js,mjs,ts,tsx}\n  - cypress/e2e/ui/features/amphoraWebsite.{js,mjs,ts,tsx}\n  - cypress/support/step_definitions/**/*.{js,mjs,ts,tsx}\n\nThese patterns matched the following files:\n\n  - cypress/support/step_definitions/petStoreSteps.js\n  - cypress/support/step_definitions/amphoraSteps.js\n\nHowever, none of these files contained a step definition matching \"I sign up for the newsletter from the Resources dropdown\".\n\nYou can implement it using the suggestion(s) below.\n\n  When(\"I sign up for the newsletter from the Resources dropdown\", function () {\n    return \"pending\";\n  });\n  ",
                "estack": "Error: \nStep implementation missing for \"I sign up for the newsletter from the Resources dropdown\".\n\nWe tried searching for files containing step definitions using the following search pattern templates:\n\n  - cypress/e2e/ui/features/[filepath]/**/*.{js,mjs,ts,tsx}\n  - cypress/e2e/ui/features/[filepath].{js,mjs,ts,tsx}\n  - cypress/support/step_definitions/**/*.{js,mjs,ts,tsx}\n\nThese templates resolved to the following search patterns:\n\n  - cypress/e2e/ui/features/amphoraWebsite/**/*.{js,mjs,ts,tsx}\n  - cypress/e2e/ui/features/amphoraWebsite.{js,mjs,ts,tsx}\n  - cypress/support/step_definitions/**/*.{js,mjs,ts,tsx}\n\nThese patterns matched the following files:\n\n  - cypress/support/step_definitions/petStoreSteps.js\n  - cypress/support/step_definitions/amphoraSteps.js\n\nHowever, none of these files contained a step definition matching \"I sign up for the newsletter from the Resources dropdown\".\n\nYou can implement it using the suggestion(s) below.\n\n  When(\"I sign up for the newsletter from the Resources dropdown\", function () {\n    return \"pending\";\n  });\n  \n    at Context.eval (https://amphora.net/__cypress/tests?p=cypress/e2e/ui/features/amphoraWebsite.feature:13379:29)\n    at getRet (https://amphora.net/__cypress/runner/cypress_runner.js:119371:20)\n    at tryCatcher (https://amphora.net/__cypress/runner/cypress_runner.js:1777:23)\n    at Promise.attempt.Promise.try (https://amphora.net/__cypress/runner/cypress_runner.js:4285:29)\n    at Context.thenFn (https://amphora.net/__cypress/runner/cypress_runner.js:119382:66)\n    at Context.then (https://amphora.net/__cypress/runner/cypress_runner.js:119633:21)\n    at wrapped (https://amphora.net/__cypress/runner/cypress_runner.js:139910:19)\n    at <unknown> (https://amphora.net/__cypress/runner/cypress_runner.js:145855:15)\n    at tryCatcher (https://amphora.net/__cypress/runner/cypress_runner.js:1777:23)",
                "diff": null
              },
              "uuid": "0f5bc92f-124e-47ce-a48c-abc62594436e",
              "parentUUID": "3b01d6b9-d2bd-4421-984f-3d7aeb24772b",
              "isHook": false,
              "skipped": false
            }
          ],
          "suites": [],
          "passes": [
            "12eab606-4adb-456d-844e-9b9fe81e0ed7"
          ],
          "failures": [
            "0f5bc92f-124e-47ce-a48c-abc62594436e"
          ],
          "pending": [],
          "skipped": [],
          "duration": 13944,
          "root": false,
          "rootEmpty": false,
          "_timeout": 2000
        }
      ],
      "passes": [],
      "failures": [],
      "pending": [],
      "skipped": [],
      "duration": 0,
      "root": true,
      "rootEmpty": true,
      "_timeout": 2000
    }
  ],
  "meta": {
    "mocha": {
      "version": "7.0.1"
    },
    "mochawesome": {
      "options": {
        "quiet": false,
        "reportFilename": "mochawesome",
        "saveHtml": false,
        "saveJson": true,
        "consoleReporter": "spec",
        "useInlineDiffs": false,
        "code": true
      },
      "version": "7.1.3"
    },
    "marge": {
      "options": {
        "charts": true,
        "reportPageTitle": "Cypress Test Report",
        "embeddedScreenshots": true,
        "inlineAssets": true,
        "overwrite": false,
        "html": false,
        "json": true,
        "reportDir": "cypress/reports/html/.jsons"
      },
      "version": "6.2.0"
    }
  }
}